<?xml version="1.0" encoding="UTF-8"?>
<!-- Generated by org.testng.reporters.JUnitReportReporter -->
<testsuite hostname="mukas-PC" failures="0" tests="1" name="smokeTests.CheckIfKindergartenSpecialistPagesWork" time="1.720" errors="0" timestamp="2022-02-01T13:07:31 EET" skipped="0">
  <testcase classname="smokeTests.CheckIfKindergartenSpecialistPagesWork" name="openAndAssertAllSpecialistPages" time="1.720"/>
  <system-out/>
</testsuite> <!-- smokeTests.CheckIfKindergartenSpecialistPagesWork -->
