<?xml version="1.0" encoding="UTF-8"?>
<!-- Generated by org.testng.reporters.JUnitReportReporter -->
<testsuite hostname="mukas-PC" failures="0" tests="2" name="parentTests.SubmitNewApplication" time="12.615" errors="0" timestamp="2022-02-01T13:09:56 EET" skipped="0">
  <testcase classname="parentTests.SubmitNewApplication" name="successfullySubmitNewApplication" time="8.701"/>
  <system-out/>
  <testcase classname="parentTests.SubmitNewApplication" name="deleteApplication" time="3.914"/>
  <system-out/>
</testsuite> <!-- parentTests.SubmitNewApplication -->
