<?xml version="1.0" encoding="UTF-8"?>
<!-- Generated by org.testng.reporters.JUnitReportReporter -->
<testsuite hostname="mukas-PC" failures="0" tests="1" name="parentTests.UploadMedicalDocumentPDF" time="6.315" errors="0" timestamp="2022-02-01T13:09:56 EET" skipped="0">
  <testcase classname="parentTests.UploadMedicalDocumentPDF" name="successfullyUploadAndDeletePDF" time="6.315"/>
  <system-out/>
</testsuite> <!-- parentTests.UploadMedicalDocumentPDF -->
