<?xml version="1.0" encoding="UTF-8"?>
<!-- Generated by org.testng.reporters.JUnitReportReporter -->
<testsuite hostname="mukas-PC" failures="0" tests="3" name="parentTests.UpdateParentDetails" time="12.076" errors="0" timestamp="2022-02-01T13:09:56 EET" skipped="0">
  <testcase classname="parentTests.UpdateParentDetails" name="successfullyChangeParentDetails" time="4.404"/>
  <system-out/>
  <testcase classname="parentTests.UpdateParentDetails" name="successfullyChangeParentPassword" time="2.224"/>
  <system-out/>
  <testcase classname="parentTests.UpdateParentDetails" name="successfullyResetParentPasswordToOriginal" time="5.448"/>
  <system-out/>
</testsuite> <!-- parentTests.UpdateParentDetails -->
