<?xml version="1.0" encoding="UTF-8"?>
<!-- Generated by org.testng.reporters.JUnitReportReporter -->
<testsuite hostname="mukas-PC" failures="0" tests="1" name="login.AdminLoginLogout" time="1.013" errors="0" timestamp="2022-02-01T13:09:56 EET" skipped="0">
  <testcase classname="login.AdminLoginLogout" name="unsuccessfulLogin" time="1.013"/>
  <system-out/>
</testsuite> <!-- login.AdminLoginLogout -->
