<?xml version="1.0" encoding="UTF-8"?>
<!-- Generated by org.testng.reporters.JUnitReportReporter -->
<testsuite hostname="mukas-PC" failures="0" tests="3" name="adminTests.UpdateAdminDetails" time="11.124" errors="0" timestamp="2022-02-01T13:09:56 EET" skipped="0">
  <testcase classname="adminTests.UpdateAdminDetails" name="successfullyChangeAdminDetails" time="4.007"/>
  <system-out/>
  <testcase classname="adminTests.UpdateAdminDetails" name="successfullyChangeAdminPassword" time="2.194"/>
  <system-out/>
  <testcase classname="adminTests.UpdateAdminDetails" name="successfullyResetAdminPasswordToOriginal" time="4.923"/>
  <system-out/>
</testsuite> <!-- adminTests.UpdateAdminDetails -->
