<?xml version="1.0" encoding="UTF-8"?>
<!-- Generated by org.testng.reporters.JUnitReportReporter -->
<testsuite hostname="mukas-PC" failures="0" tests="1" name="smokeTests.CheckIfParentPagesWork" time="1.293" errors="0" timestamp="2022-02-01T13:07:31 EET" skipped="0">
  <testcase classname="smokeTests.CheckIfParentPagesWork" name="openAndAssertAllParentPages" time="1.293"/>
  <system-out/>
</testsuite> <!-- smokeTests.CheckIfParentPagesWork -->
